<?xml version="1.0" encoding="UTF-8"?>
<!-- Generated by org.testng.reporters.JUnitXMLReporter -->
<testsuite ignored="12" hostname="ultralaptop" failures="0" tests="8" name="FireFoxTest" time="18.149" errors="0" timestamp="05 Jul 2021 08:00:16 GMT">
  <testcase classname="com.org.tests.LinkClickTest" name="validateLinkClick" time="2.212"/>
  <testcase classname="com.org.tests.TextBoxTest" name="validateTextBox" time="0.115"/>
  <testcase classname="com.org.tests.OptionsTest" name="validateRadioButton" time="0.513"/>
  <testcase classname="com.org.tests.AlertTest" name="validateDoubleClickAlert" time="0.198"/>
  <testcase classname="com.org.tests.OptionsTest" name="validateCheckBox" time="0.486"/>
  <testcase classname="com.org.tests.AlertTest" name="validateClickAlert" time="0.095"/>
  <testcase classname="com.org.tests.OptionsTest" name="validateDropDown" time="1.059"/>
  <testcase classname="com.org.tests.AlertTest" name="validateOptionAlert" time="0.105"/>
  <testcase classname="com.org.base.BaseTest" name="@BeforeTest openBrowser" time="0.0">
    <ignored/>
  </testcase> <!-- @BeforeTest openBrowser -->
  <testcase classname="com.org.base.BaseTest" name="@BeforeTest openBrowser" time="0.0">
    <ignored/>
  </testcase> <!-- @BeforeTest openBrowser -->
  <testcase classname="com.org.base.BaseTest" name="@BeforeTest openBrowser" time="0.0">
    <ignored/>
  </testcase> <!-- @BeforeTest openBrowser -->
  <testcase classname="com.org.base.BaseTest" name="@AfterTest closeBrowser" time="0.0">
    <ignored/>
  </testcase> <!-- @AfterTest closeBrowser -->
  <testcase classname="com.org.base.BaseTest" name="@AfterTest closeBrowser" time="0.0">
    <ignored/>
  </testcase> <!-- @AfterTest closeBrowser -->
  <testcase classname="com.org.base.BaseTest" name="@AfterTest closeBrowser" time="0.0">
    <ignored/>
  </testcase> <!-- @AfterTest closeBrowser -->
  <testcase classname="com.org.base.BaseTest" name="@BeforeSuite reportSetup" time="0.0">
    <ignored/>
  </testcase> <!-- @BeforeSuite reportSetup -->
  <testcase classname="com.org.base.BaseTest" name="@BeforeSuite reportSetup" time="0.0">
    <ignored/>
  </testcase> <!-- @BeforeSuite reportSetup -->
  <testcase classname="com.org.base.BaseTest" name="@BeforeSuite reportSetup" time="0.0">
    <ignored/>
  </testcase> <!-- @BeforeSuite reportSetup -->
  <testcase classname="com.org.base.BaseTest" name="@AfterSuite reportTearDown" time="0.0">
    <ignored/>
  </testcase> <!-- @AfterSuite reportTearDown -->
  <testcase classname="com.org.base.BaseTest" name="@AfterSuite reportTearDown" time="0.0">
    <ignored/>
  </testcase> <!-- @AfterSuite reportTearDown -->
  <testcase classname="com.org.base.BaseTest" name="@AfterSuite reportTearDown" time="0.0">
    <ignored/>
  </testcase> <!-- @AfterSuite reportTearDown -->
</testsuite> <!-- FireFoxTest -->
