<?xml version="1.0" encoding="UTF-8"?>
<!-- Generated by org.testng.reporters.JUnitXMLReporter -->
<testsuite ignored="0" hostname="ultralaptop" failures="3" tests="3" name="Test" time="2.091" errors="0" timestamp="23 Jun 2021 04:11:31 GMT">
  <testcase classname="com.org.base.BaseTest" name="@AfterClass closeBrowser" time="2.001">
    <failure type="java.lang.NullPointerException" message="Cannot invoke &amp;quot;org.openqa.selenium.WebDriver.quit()&amp;quot; because &amp;quot;com.org.base.BaseTest.driver&amp;quot; is null">
      <![CDATA[java.lang.NullPointerException: Cannot invoke "org.openqa.selenium.WebDriver.quit()" because "com.org.base.BaseTest.driver" is null
at com.org.base.BaseTest.closeBrowser(BaseTest.java:54)
... Removed 26 stack frames]]>
    </failure>
  </testcase> <!-- @AfterClass closeBrowser -->
  <testcase classname="com.org.tests.AlertTest" name="validateClickAlert" time="0.017">
    <failure type="java.lang.NullPointerException" message="Cannot invoke &amp;quot;org.openqa.selenium.TakesScreenshot.getScreenshotAs(org.openqa.selenium.OutputType)&amp;quot; because &amp;quot;tss&amp;quot; is null">
      <![CDATA[java.lang.NullPointerException: Cannot invoke "org.openqa.selenium.TakesScreenshot.getScreenshotAs(org.openqa.selenium.OutputType)" because "tss" is null
at com.org.utils.SharedLibrary.takeScreenShot(SharedLibrary.java:17)
at com.org.tests.AlertTest.validateClickAlert(AlertTest.java:38)
... Removed 25 stack frames]]>
    </failure>
  </testcase> <!-- validateClickAlert -->
  <testcase classname="com.org.tests.AlertTest" name="validateDoubleClickAlert" time="0.02">
    <failure type="java.lang.NullPointerException" message="Cannot invoke &amp;quot;org.openqa.selenium.TakesScreenshot.getScreenshotAs(org.openqa.selenium.OutputType)&amp;quot; because &amp;quot;tss&amp;quot; is null">
      <![CDATA[java.lang.NullPointerException: Cannot invoke "org.openqa.selenium.TakesScreenshot.getScreenshotAs(org.openqa.selenium.OutputType)" because "tss" is null
at com.org.utils.SharedLibrary.takeScreenShot(SharedLibrary.java:17)
at com.org.tests.AlertTest.validateDoubleClickAlert(AlertTest.java:23)
... Removed 25 stack frames]]>
    </failure>
  </testcase> <!-- validateDoubleClickAlert -->
  <testcase classname="com.org.tests.AlertTest" name="validateOptionAlert" time="0.006">
    <failure type="java.lang.NullPointerException" message="Cannot invoke &amp;quot;org.openqa.selenium.TakesScreenshot.getScreenshotAs(org.openqa.selenium.OutputType)&amp;quot; because &amp;quot;tss&amp;quot; is null">
      <![CDATA[java.lang.NullPointerException: Cannot invoke "org.openqa.selenium.TakesScreenshot.getScreenshotAs(org.openqa.selenium.OutputType)" because "tss" is null
at com.org.utils.SharedLibrary.takeScreenShot(SharedLibrary.java:17)
at com.org.tests.AlertTest.validateOptionAlert(AlertTest.java:53)
... Removed 25 stack frames]]>
    </failure>
  </testcase> <!-- validateOptionAlert -->
</testsuite> <!-- Test -->
