<?xml version="1.0" encoding="UTF-8"?>
<!-- Generated by org.testng.reporters.JUnitXMLReporter -->
<testsuite hostname="ultralaptop" ignored="12" name="ChromeTest" tests="8" failures="0" timestamp="10 Jul 2021 18:53:52 GMT" time="38.672" errors="0">
  <testcase name="validateLinkClick" time="6.685" classname="com.org.tests.LinkClickTest"/>
  <testcase name="validateTextBox" time="0.4" classname="com.org.tests.TextBoxTest"/>
  <testcase name="validateRadioButton" time="0.329" classname="com.org.tests.OptionsTest"/>
  <testcase name="validateDoubleClickAlert" time="0.692" classname="com.org.tests.AlertTest"/>
  <testcase name="validateCheckBox" time="0.231" classname="com.org.tests.OptionsTest"/>
  <testcase name="validateClickAlert" time="0.091" classname="com.org.tests.AlertTest"/>
  <testcase name="validateDropDown" time="1.02" classname="com.org.tests.OptionsTest"/>
  <testcase name="validateOptionAlert" time="0.219" classname="com.org.tests.AlertTest"/>
  <testcase name="@BeforeTest openBrowser" time="0.0" classname="com.org.base.BaseTest">
    <ignored/>
  </testcase> <!-- @BeforeTest openBrowser -->
  <testcase name="@BeforeTest openBrowser" time="0.0" classname="com.org.base.BaseTest">
    <ignored/>
  </testcase> <!-- @BeforeTest openBrowser -->
  <testcase name="@BeforeTest openBrowser" time="0.0" classname="com.org.base.BaseTest">
    <ignored/>
  </testcase> <!-- @BeforeTest openBrowser -->
  <testcase name="@AfterTest closeBrowser" time="0.0" classname="com.org.base.BaseTest">
    <ignored/>
  </testcase> <!-- @AfterTest closeBrowser -->
  <testcase name="@AfterTest closeBrowser" time="0.0" classname="com.org.base.BaseTest">
    <ignored/>
  </testcase> <!-- @AfterTest closeBrowser -->
  <testcase name="@AfterTest closeBrowser" time="0.0" classname="com.org.base.BaseTest">
    <ignored/>
  </testcase> <!-- @AfterTest closeBrowser -->
  <testcase name="@BeforeSuite reportSetup" time="0.0" classname="com.org.base.BaseTest">
    <ignored/>
  </testcase> <!-- @BeforeSuite reportSetup -->
  <testcase name="@BeforeSuite reportSetup" time="0.0" classname="com.org.base.BaseTest">
    <ignored/>
  </testcase> <!-- @BeforeSuite reportSetup -->
  <testcase name="@BeforeSuite reportSetup" time="0.0" classname="com.org.base.BaseTest">
    <ignored/>
  </testcase> <!-- @BeforeSuite reportSetup -->
  <testcase name="@AfterSuite reportTearDown" time="0.0" classname="com.org.base.BaseTest">
    <ignored/>
  </testcase> <!-- @AfterSuite reportTearDown -->
  <testcase name="@AfterSuite reportTearDown" time="0.0" classname="com.org.base.BaseTest">
    <ignored/>
  </testcase> <!-- @AfterSuite reportTearDown -->
  <testcase name="@AfterSuite reportTearDown" time="0.0" classname="com.org.base.BaseTest">
    <ignored/>
  </testcase> <!-- @AfterSuite reportTearDown -->
</testsuite> <!-- ChromeTest -->
