<?xml version="1.0" encoding="UTF-8"?>
<!-- Generated by org.testng.reporters.JUnitXMLReporter -->
<testsuite hostname="ultralaptop" ignored="12" name="FireFoxTest" tests="8" failures="0" timestamp="10 Jul 2021 18:54:25 GMT" time="32.704" errors="0">
  <testcase name="validateLinkClick" time="3.167" classname="com.org.tests.LinkClickTest"/>
  <testcase name="validateTextBox" time="0.17" classname="com.org.tests.TextBoxTest"/>
  <testcase name="validateRadioButton" time="0.525" classname="com.org.tests.OptionsTest"/>
  <testcase name="validateDoubleClickAlert" time="0.279" classname="com.org.tests.AlertTest"/>
  <testcase name="validateCheckBox" time="0.51" classname="com.org.tests.OptionsTest"/>
  <testcase name="validateClickAlert" time="0.088" classname="com.org.tests.AlertTest"/>
  <testcase name="validateDropDown" time="1.297" classname="com.org.tests.OptionsTest"/>
  <testcase name="validateOptionAlert" time="0.133" classname="com.org.tests.AlertTest"/>
  <testcase name="@BeforeTest openBrowser" time="0.0" classname="com.org.base.BaseTest">
    <ignored/>
  </testcase> <!-- @BeforeTest openBrowser -->
  <testcase name="@BeforeTest openBrowser" time="0.0" classname="com.org.base.BaseTest">
    <ignored/>
  </testcase> <!-- @BeforeTest openBrowser -->
  <testcase name="@BeforeTest openBrowser" time="0.0" classname="com.org.base.BaseTest">
    <ignored/>
  </testcase> <!-- @BeforeTest openBrowser -->
  <testcase name="@AfterTest closeBrowser" time="0.0" classname="com.org.base.BaseTest">
    <ignored/>
  </testcase> <!-- @AfterTest closeBrowser -->
  <testcase name="@AfterTest closeBrowser" time="0.0" classname="com.org.base.BaseTest">
    <ignored/>
  </testcase> <!-- @AfterTest closeBrowser -->
  <testcase name="@AfterTest closeBrowser" time="0.0" classname="com.org.base.BaseTest">
    <ignored/>
  </testcase> <!-- @AfterTest closeBrowser -->
  <testcase name="@BeforeSuite reportSetup" time="0.0" classname="com.org.base.BaseTest">
    <ignored/>
  </testcase> <!-- @BeforeSuite reportSetup -->
  <testcase name="@BeforeSuite reportSetup" time="0.0" classname="com.org.base.BaseTest">
    <ignored/>
  </testcase> <!-- @BeforeSuite reportSetup -->
  <testcase name="@BeforeSuite reportSetup" time="0.0" classname="com.org.base.BaseTest">
    <ignored/>
  </testcase> <!-- @BeforeSuite reportSetup -->
  <testcase name="@AfterSuite reportTearDown" time="0.0" classname="com.org.base.BaseTest">
    <ignored/>
  </testcase> <!-- @AfterSuite reportTearDown -->
  <testcase name="@AfterSuite reportTearDown" time="0.0" classname="com.org.base.BaseTest">
    <ignored/>
  </testcase> <!-- @AfterSuite reportTearDown -->
  <testcase name="@AfterSuite reportTearDown" time="0.0" classname="com.org.base.BaseTest">
    <ignored/>
  </testcase> <!-- @AfterSuite reportTearDown -->
</testsuite> <!-- FireFoxTest -->
